Running: /opt/Xilinx/14.7/ISE_DS/ISE/bin/lin64/unwrapped/fuse -intstyle ise -incremental -lib secureip -o /home/nahshal/Documents/Nahshal_ISE_Design/Half_Adder/Half_Adder_test_isim_beh.exe -prj /home/nahshal/Documents/Nahshal_ISE_Design/Half_Adder/Half_Adder_test_beh.prj work.Half_Adder_test 
ISim P.20131013 (signature 0xfbc00daa)
Number of CPUs detected in this system: 8
Turning on mult-threading, number of parallel sub-compilation jobs: 16 
Determining compilation order of HDL files
Parsing VHDL file "/home/nahshal/Documents/Nahshal_ISE_Design/Half_Adder/Half_Adder_rtl.vhd" into library work
Parsing VHDL file "/home/nahshal/Documents/Nahshal_ISE_Design/Half_Adder/Half_Adder_test.vhd" into library work
Starting static elaboration
Completed static elaboration
Fuse Memory Usage: 83324 KB
Fuse CPU Usage: 1080 ms
Compiling package standard
Compiling package std_logic_1164
Compiling architecture behavioral of entity Half_Adder_rtl [half_adder_rtl_default]
Compiling architecture behavior of entity half_adder_test
Time Resolution for simulation is 1ps.
Compiled 5 VHDL Units
Built simulation executable /home/nahshal/Documents/Nahshal_ISE_Design/Half_Adder/Half_Adder_test_isim_beh.exe
Fuse Memory Usage: 1173324 KB
Fuse CPU Usage: 1090 ms
GCC CPU Usage: 440 ms
