Running: /opt/Xilinx/14.7/ISE_DS/ISE/bin/lin64/unwrapped/fuse -intstyle ise -incremental -lib secureip -o /home/nahshal/Documents/Nahshal_ISE_Design/Adder_8Bit/Adder_8Bit_test_isim_beh.exe -prj /home/nahshal/Documents/Nahshal_ISE_Design/Adder_8Bit/Adder_8Bit_test_beh.prj work.Adder_8Bit_test 
ISim P.20131013 (signature 0xfbc00daa)
Number of CPUs detected in this system: 8
Turning on mult-threading, number of parallel sub-compilation jobs: 16 
Determining compilation order of HDL files
Parsing VHDL file "/home/nahshal/Documents/Nahshal_ISE_Design/Adder_8Bit/../Full_Adder/Full_Adder_rtl.vhd" into library work
Parsing VHDL file "/home/nahshal/Documents/Nahshal_ISE_Design/Adder_8Bit/Adder_8Bit_rtl.vhd" into library work
Parsing VHDL file "/home/nahshal/Documents/Nahshal_ISE_Design/Adder_8Bit/Adder_8Bit_test.vhd" into library work
Starting static elaboration
Completed static elaboration
Fuse Memory Usage: 83324 KB
Fuse CPU Usage: 950 ms
Compiling package standard
Compiling package std_logic_1164
Compiling architecture behavioral of entity Full_Adder_rtl [full_adder_rtl_default]
Compiling architecture behavioral of entity Adder_8Bit_rtl [adder_8bit_rtl_default]
Compiling architecture behavior of entity adder_8bit_test
Time Resolution for simulation is 1ps.
Waiting for 1 sub-compilation(s) to finish...
Compiled 7 VHDL Units
Built simulation executable /home/nahshal/Documents/Nahshal_ISE_Design/Adder_8Bit/Adder_8Bit_test_isim_beh.exe
Fuse Memory Usage: 1173404 KB
Fuse CPU Usage: 960 ms
GCC CPU Usage: 470 ms
