Release 14.7 - xst P.20131013 (lin64)
Copyright (c) 1995-2013 Xilinx, Inc.  All rights reserved.
--> 
Parameter TMPDIR set to xst/projnav.tmp


Total REAL time to Xst completion: 0.00 secs
Total CPU time to Xst completion: 0.04 secs
 
--> 
Parameter xsthdpdir set to xst


Total REAL time to Xst completion: 0.00 secs
Total CPU time to Xst completion: 0.04 secs
 
--> 
Reading design: ALU_4bit_rtl.prj

TABLE OF CONTENTS
  1) Synthesis Options Summary
  2) HDL Parsing
  3) HDL Elaboration
  4) HDL Synthesis
       4.1) HDL Synthesis Report
  5) Advanced HDL Synthesis
       5.1) Advanced HDL Synthesis Report
  6) Low Level Synthesis
  7) Partition Report
  8) Design Summary
       8.1) Primitive and Black Box Usage
       8.2) Device utilization summary
       8.3) Partition Resource Summary
       8.4) Timing Report
            8.4.1) Clock Information
            8.4.2) Asynchronous Control Signals Information
            8.4.3) Timing Summary
            8.4.4) Timing Details
            8.4.5) Cross Clock Domains Report


=========================================================================
*                      Synthesis Options Summary                        *
=========================================================================
---- Source Parameters
Input File Name                    : "ALU_4bit_rtl.prj"
Ignore Synthesis Constraint File   : NO

---- Target Parameters
Output File Name                   : "ALU_4bit_rtl"
Output Format                      : NGC
Target Device                      : xc6slx4-3-tqg144

---- Source Options
Top Module Name                    : ALU_4bit_rtl
Automatic FSM Extraction           : YES
FSM Encoding Algorithm             : Auto
Safe Implementation                : No
FSM Style                          : LUT
RAM Extraction                     : Yes
RAM Style                          : Auto
ROM Extraction                     : Yes
Shift Register Extraction          : YES
ROM Style                          : Auto
Resource Sharing                   : YES
Asynchronous To Synchronous        : NO
Shift Register Minimum Size        : 2
Use DSP Block                      : Auto
Automatic Register Balancing       : No

---- Target Options
LUT Combining                      : Auto
Reduce Control Sets                : Auto
Add IO Buffers                     : YES
Global Maximum Fanout              : 100000
Add Generic Clock Buffer(BUFG)     : 16
Register Duplication               : YES
Optimize Instantiated Primitives   : NO
Use Clock Enable                   : Auto
Use Synchronous Set                : Auto
Use Synchronous Reset              : Auto
Pack IO Registers into IOBs        : Auto
Equivalent register Removal        : YES

---- General Options
Optimization Goal                  : Speed
Optimization Effort                : 1
Power Reduction                    : NO
Keep Hierarchy                     : No
Netlist Hierarchy                  : As_Optimized
RTL Output                         : Yes
Global Optimization                : AllClockNets
Read Cores                         : YES
Write Timing Constraints           : NO
Cross Clock Analysis               : NO
Hierarchy Separator                : /
Bus Delimiter                      : <>
Case Specifier                     : Maintain
Slice Utilization Ratio            : 100
BRAM Utilization Ratio             : 100
DSP48 Utilization Ratio            : 100
Auto BRAM Packing                  : NO
Slice Utilization Ratio Delta      : 5

=========================================================================


=========================================================================
*                          HDL Parsing                                  *
=========================================================================
Parsing VHDL file "/home/nahshal/Documents/13000120095_Nahshal_ISE_Design/ALU/ALU_rtl.vhd" into library work
Parsing entity <ALU_4bit_rtl>.
Parsing architecture <Behavioral> of entity <alu_4bit_rtl>.

=========================================================================
*                            HDL Elaboration                            *
=========================================================================

Elaborating entity <ALU_4bit_rtl> (architecture <Behavioral>) from library <work>.

=========================================================================
*                           HDL Synthesis                               *
=========================================================================

Synthesizing Unit <ALU_4bit_rtl>.
    Related source file is "/home/nahshal/Documents/13000120095_Nahshal_ISE_Design/ALU/ALU_rtl.vhd".
    Found 4-bit adder for signal <A[3]_B[3]_add_0_OUT> created at line 47.
    Found 4-bit adder for signal <A[3]_GND_6_o_add_2_OUT> created at line 49.
    Found 4-bit subtractor for signal <GND_6_o_GND_6_o_sub_2_OUT<3:0>> created at line 48.
    Found 4-bit subtractor for signal <GND_6_o_GND_6_o_sub_4_OUT<3:0>> created at line 50.
    Found 1-bit 10-to-1 multiplexer for signal <Sel[3]_Y[3]_Mux_9_o> created at line 46.
    Found 1-bit 10-to-1 multiplexer for signal <Sel[3]_Y[2]_Mux_11_o> created at line 46.
    Found 1-bit 10-to-1 multiplexer for signal <Sel[3]_Y[1]_Mux_13_o> created at line 46.
    Found 1-bit 10-to-1 multiplexer for signal <Sel[3]_Y[0]_Mux_15_o> created at line 46.
WARNING:Xst:737 - Found 1-bit latch for signal <Y<2>>. Latches may be generated from incomplete case or if statements. We do not recommend the use of latches in FPGA/CPLD designs, as they may lead to timing problems.
WARNING:Xst:737 - Found 1-bit latch for signal <Y<1>>. Latches may be generated from incomplete case or if statements. We do not recommend the use of latches in FPGA/CPLD designs, as they may lead to timing problems.
WARNING:Xst:737 - Found 1-bit latch for signal <Y<0>>. Latches may be generated from incomplete case or if statements. We do not recommend the use of latches in FPGA/CPLD designs, as they may lead to timing problems.
WARNING:Xst:737 - Found 1-bit latch for signal <Y<3>>. Latches may be generated from incomplete case or if statements. We do not recommend the use of latches in FPGA/CPLD designs, as they may lead to timing problems.
    Summary:
	inferred   4 Adder/Subtractor(s).
	inferred   4 Latch(s).
	inferred   4 Multiplexer(s).
Unit <ALU_4bit_rtl> synthesized.

=========================================================================
HDL Synthesis Report

Macro Statistics
# Adders/Subtractors                                   : 4
 4-bit adder                                           : 2
 4-bit subtractor                                      : 2
# Latches                                              : 4
 1-bit latch                                           : 4
# Multiplexers                                         : 4
 1-bit 10-to-1 multiplexer                             : 4
# Xors                                                 : 1
 4-bit xor2                                            : 1

=========================================================================

=========================================================================
*                       Advanced HDL Synthesis                          *
=========================================================================


=========================================================================
Advanced HDL Synthesis Report

Macro Statistics
# Adders/Subtractors                                   : 4
 4-bit adder                                           : 2
 4-bit subtractor                                      : 2
# Multiplexers                                         : 4
 1-bit 10-to-1 multiplexer                             : 4
# Xors                                                 : 1
 4-bit xor2                                            : 1

=========================================================================

=========================================================================
*                         Low Level Synthesis                           *
=========================================================================

Optimizing unit <ALU_4bit_rtl> ...

Mapping all equations...
Building and optimizing final netlist ...
Found area constraint ratio of 100 (+ 5) on block ALU_4bit_rtl, actual ratio is 2.

Final Macro Processing ...

=========================================================================
Final Register Report

Found no macro
=========================================================================

=========================================================================
*                           Partition Report                            *
=========================================================================

Partition Implementation Status
-------------------------------

  No Partitions were found in this design.

-------------------------------

=========================================================================
*                            Design Summary                             *
=========================================================================

Top Level Output File Name         : ALU_4bit_rtl.ngc

Primitive and Black Box Usage:
------------------------------
# BELS                             : 26
#      LUT2                        : 2
#      LUT3                        : 4
#      LUT4                        : 4
#      LUT5                        : 3
#      LUT6                        : 10
#      MUXF7                       : 3
# FlipFlops/Latches                : 4
#      LD                          : 4
# IO Buffers                       : 16
#      IBUF                        : 12
#      OBUF                        : 4

Device utilization summary:
---------------------------

Selected Device : 6slx4tqg144-3 


Slice Logic Utilization: 
 Number of Slice LUTs:                   23  out of   2400     0%  
    Number used as Logic:                23  out of   2400     0%  

Slice Logic Distribution: 
 Number of LUT Flip Flop pairs used:     23
   Number with an unused Flip Flop:      23  out of     23   100%  
   Number with an unused LUT:             0  out of     23     0%  
   Number of fully used LUT-FF pairs:     0  out of     23     0%  
   Number of unique control sets:         1

IO Utilization: 
 Number of IOs:                          16
 Number of bonded IOBs:                  16  out of    102    15%  
    IOB Flip Flops/Latches:               4

Specific Feature Utilization:

---------------------------
Partition Resource Summary:
---------------------------

  No Partitions were found in this design.

---------------------------


=========================================================================
Timing Report

NOTE: THESE TIMING NUMBERS ARE ONLY A SYNTHESIS ESTIMATE.
      FOR ACCURATE TIMING INFORMATION PLEASE REFER TO THE TRACE REPORT
      GENERATED AFTER PLACE-and-ROUTE.

Clock Information:
------------------
---------------------------------------------------+------------------------+-------+
Clock Signal                                       | Clock buffer(FF name)  | Load  |
---------------------------------------------------+------------------------+-------+
Sel[3]_GND_7_o_Mux_10_o(Sel[3]_GND_7_o_Mux_10_o1:O)| NONE(*)(Y_3)           | 4     |
---------------------------------------------------+------------------------+-------+
(*) This 1 clock signal(s) are generated by combinatorial logic,
and XST is not able to identify which are the primary clock signals.
Please use the CLOCK_SIGNAL constraint to specify the clock signal(s) generated by combinatorial logic.
INFO:Xst:2169 - HDL ADVISOR - Some clock signals were not automatically buffered by XST with BUFG/BUFR resources. Please use the buffer_type constraint in order to insert these buffers to the clock signals to help prevent skew problems.

Asynchronous Control Signals Information:
----------------------------------------
No asynchronous control signals found in this design

Timing Summary:
---------------
Speed Grade: -3

   Minimum period: No path found
   Minimum input arrival time before clock: 4.748ns
   Maximum output required time after clock: 3.648ns
   Maximum combinational path delay: No path found

Timing Details:
---------------
All values displayed in nanoseconds (ns)

=========================================================================
Timing constraint: Default OFFSET IN BEFORE for Clock 'Sel[3]_GND_7_o_Mux_10_o'
  Total number of paths / destination ports: 92 / 4
-------------------------------------------------------------------------
Offset:              4.748ns (Levels of Logic = 4)
  Source:            Sel<2> (PAD)
  Destination:       Y_3 (LATCH)
  Destination Clock: Sel[3]_GND_7_o_Mux_10_o falling

  Data Path: Sel<2> to Y_3
                                Gate     Net
    Cell:in->out      fanout   Delay   Delay  Logical Name (Net Name)
    ----------------------------------------  ------------
     IBUF:I->O             8   1.222   1.147  Sel_2_IBUF (Sel_2_IBUF)
     LUT5:I0->O            1   0.203   0.924  Mmux_Sel[3]_Y[3]_Mux_9_o23 (Mmux_Sel[3]_Y[3]_Mux_9_o22)
     LUT6:I1->O            1   0.203   0.808  Mmux_Sel[3]_Y[3]_Mux_9_o24 (Mmux_Sel[3]_Y[3]_Mux_9_o23)
     LUT6:I3->O            1   0.205   0.000  Mmux_Sel[3]_Y[3]_Mux_9_o27 (Sel[3]_Y[3]_Mux_9_o)
     LD:D                      0.037          Y_3
    ----------------------------------------
    Total                      4.748ns (1.870ns logic, 2.878ns route)
                                       (39.4% logic, 60.6% route)

=========================================================================
Timing constraint: Default OFFSET OUT AFTER for Clock 'Sel[3]_GND_7_o_Mux_10_o'
  Total number of paths / destination ports: 4 / 4
-------------------------------------------------------------------------
Offset:              3.648ns (Levels of Logic = 1)
  Source:            Y_3 (LATCH)
  Destination:       Y<3> (PAD)
  Source Clock:      Sel[3]_GND_7_o_Mux_10_o falling

  Data Path: Y_3 to Y<3>
                                Gate     Net
    Cell:in->out      fanout   Delay   Delay  Logical Name (Net Name)
    ----------------------------------------  ------------
     LD:G->Q               1   0.498   0.579  Y_3 (Y_3)
     OBUF:I->O                 2.571          Y_3_OBUF (Y<3>)
    ----------------------------------------
    Total                      3.648ns (3.069ns logic, 0.579ns route)
                                       (84.1% logic, 15.9% route)

=========================================================================

Cross Clock Domains Report:
--------------------------

=========================================================================


Total REAL time to Xst completion: 3.00 secs
Total CPU time to Xst completion: 2.99 secs
 
--> 


Total memory usage is 370960 kilobytes

Number of errors   :    0 (   0 filtered)
Number of warnings :    4 (   0 filtered)
Number of infos    :    1 (   0 filtered)

